<?xml version="1.0" encoding="UTF-8"?>
<testng-results skipped="0" failed="0" total="1" passed="1">
  <reporter-output>
  </reporter-output>
  <suite name="Default suite" duration-ms="30325" started-at="2017-06-23T03:58:08Z" finished-at="2017-06-23T03:58:39Z">
    <groups>
    </groups>
    <test name="Default test" duration-ms="30325" started-at="2017-06-23T03:58:08Z" finished-at="2017-06-23T03:58:39Z">
      <class name="cn.taoche.Test.App_init">
        <test-method status="PASS" signature="beforeMethod()[pri:0, instance:cn.taoche.Test.App_init@2d554825]" name="beforeMethod" is-config="true" duration-ms="28857" started-at="2017-06-23T11:58:08Z" finished-at="2017-06-23T11:58:37Z">
          <reporter-output>
          </reporter-output>
        </test-method> <!-- beforeMethod -->
        <test-method status="PASS" signature="Test_Startup()[pri:0, instance:cn.taoche.Test.App_init@2d554825]" name="Test_Startup" duration-ms="585" started-at="2017-06-23T11:58:37Z" finished-at="2017-06-23T11:58:38Z">
          <reporter-output>
          </reporter-output>
        </test-method> <!-- Test_Startup -->
        <test-method status="PASS" signature="afterMethod()[pri:0, instance:cn.taoche.Test.App_init@2d554825]" name="afterMethod" is-config="true" duration-ms="868" started-at="2017-06-23T11:58:38Z" finished-at="2017-06-23T11:58:39Z">
          <reporter-output>
          </reporter-output>
        </test-method> <!-- afterMethod -->
      </class> <!-- cn.taoche.Test.App_init -->
    </test> <!-- Default test -->
  </suite> <!-- Default suite -->
</testng-results>
